<?xml version="1.0" encoding="UTF-8"?>
<testsuite name="unit.ValidationDateEmployeeTest" tests="7" skipped="0" failures="0" errors="0" timestamp="2020-02-25T21:33:07" hostname="SERGIO-PORTILLA" time="0.013">
  <properties/>
  <testcase name="isEntryTodayTest()" classname="unit.ValidationDateEmployeeTest" time="0.001"/>
  <testcase name="isBirthDayTest()" classname="unit.ValidationDateEmployeeTest" time="0.002"/>
  <testcase name="isNotEntryTest()" classname="unit.ValidationDateEmployeeTest" time="0.002"/>
  <testcase name="isNotBirthDayTest()" classname="unit.ValidationDateEmployeeTest" time="0.001"/>
  <testcase name="isWeekendTest()" classname="unit.ValidationDateEmployeeTest" time="0.001"/>
  <testcase name="convertDateTest()" classname="unit.ValidationDateEmployeeTest" time="0.001"/>
  <testcase name="isWeekDayTest()" classname="unit.ValidationDateEmployeeTest" time="0.001"/>
  <system-out><![CDATA[]]></system-out>
  <system-err><![CDATA[]]></system-err>
</testsuite>
