<?xml version="1.0" encoding="UTF-8"?>
<testsuite name="caseuse.UpdateEmployeeTest" tests="2" skipped="0" failures="0" errors="0" timestamp="2020-02-25T21:32:41" hostname="SERGIO-PORTILLA" time="0.368">
  <properties/>
  <testcase name="coinsUpdateTest()" classname="caseuse.UpdateEmployeeTest" time="0.335"/>
  <testcase name="createTest()" classname="caseuse.UpdateEmployeeTest" time="0.022"/>
  <system-out><![CDATA[]]></system-out>
  <system-err><![CDATA[]]></system-err>
</testsuite>
