<?xml version="1.0" encoding="UTF-8"?>
<testsuite name="caseuse.FindEmployeeTest" tests="4" skipped="0" failures="0" errors="0" timestamp="2020-02-25T21:32:38" hostname="SERGIO-PORTILLA" time="2.91">
  <properties/>
  <testcase name="findByIdWeekendTest()" classname="caseuse.FindEmployeeTest" time="2.811"/>
  <testcase name="findByIdWeekDayTest()" classname="caseuse.FindEmployeeTest" time="0.072"/>
  <testcase name="findActiveEmployeesTest()" classname="caseuse.FindEmployeeTest" time="0.006"/>
  <testcase name="FindByIdTest()" classname="caseuse.FindEmployeeTest" time="0.003"/>
  <system-out><![CDATA[]]></system-out>
  <system-err><![CDATA[]]></system-err>
</testsuite>
